[2026-02-17T16:39:59.263+0000] {taskinstance.py:1956} INFO - Dependencies all met for dep_context=non-requeueable deps ti=<TaskInstance: etl_test.transform_data __airflow_temporary_run_2026-02-17T16:37:23.713872+00:00__ [queued]>
[2026-02-17T16:39:59.360+0000] {taskinstance.py:1956} INFO - Dependencies all met for dep_context=requeueable deps ti=<TaskInstance: etl_test.transform_data __airflow_temporary_run_2026-02-17T16:37:23.713872+00:00__ [queued]>
[2026-02-17T16:39:59.376+0000] {taskinstance.py:2170} INFO - Starting attempt 1 of 3
[2026-02-17T16:39:59.701+0000] {taskinstance.py:2191} INFO - Executing <Task(BashOperator): transform_data> on 2026-02-16 00:00:00+00:00
[2026-02-17T16:39:59.756+0000] {standard_task_runner.py:60} INFO - Started process 12404 to run task
[2026-02-17T16:39:59.805+0000] {standard_task_runner.py:87} INFO - Running: ['airflow', 'tasks', 'run', 'etl_test', 'transform_data', '__airflow_temporary_run_2026-02-17T16:37:23.713872+00:00__', '--job-id', '25', '--raw', '--subdir', 'DAGS_FOLDER/test.py', '--cfg-path', '/tmp/tmpi8vrcnvj']
[2026-02-17T16:39:59.868+0000] {standard_task_runner.py:88} INFO - Job 25: Subtask transform_data
[2026-02-17T16:40:00.870+0000] {task_command.py:423} INFO - Running <TaskInstance: etl_test.transform_data __airflow_temporary_run_2026-02-17T16:37:23.713872+00:00__ [running]> on host 3847ae315981
[2026-02-17T16:40:02.889+0000] {taskinstance.py:2480} INFO - Exporting env vars: AIRFLOW_CTX_DAG_OWNER='salsa' AIRFLOW_CTX_DAG_ID='etl_test' AIRFLOW_CTX_TASK_ID='transform_data' AIRFLOW_CTX_EXECUTION_DATE='2026-02-16T00:00:00+00:00' AIRFLOW_CTX_TRY_NUMBER='1' AIRFLOW_CTX_DAG_RUN_ID='__airflow_temporary_run_2026-02-17T16:37:23.713872+00:00__'
[2026-02-17T16:40:02.911+0000] {subprocess.py:63} INFO - Tmp dir root location: /tmp
[2026-02-17T16:40:02.927+0000] {subprocess.py:75} INFO - Running command: ['/usr/bin/bash', '-c', 'dbt run --select datamart_sales --profiles-dir /home/airflow/.dbt --project-dir /opt/airflow/dbt_project']
[2026-02-17T16:40:03.013+0000] {subprocess.py:86} INFO - Output:
[2026-02-17T16:40:14.245+0000] {subprocess.py:93} INFO - [0m16:40:14  Running with dbt=1.9.0-b2
[2026-02-17T16:40:15.354+0000] {local_task_job_runner.py:302} WARNING - State of this instance has been externally set to None. Terminating instance.
[2026-02-17T16:40:15.358+0000] {process_utils.py:131} INFO - Sending Signals.SIGTERM to group 12404. PIDs of all processes in the group: [12405, 12404]
[2026-02-17T16:40:15.359+0000] {process_utils.py:86} INFO - Sending the signal Signals.SIGTERM to group 12404
[2026-02-17T16:40:15.360+0000] {taskinstance.py:2450} ERROR - Received SIGTERM. Terminating subprocesses.
[2026-02-17T16:40:15.361+0000] {subprocess.py:104} INFO - Sending SIGTERM signal to process group
[2026-02-17T16:40:15.381+0000] {taskinstance.py:2698} ERROR - Task failed with exception
Traceback (most recent call last):
  File "/home/airflow/.local/lib/python3.8/site-packages/airflow/models/taskinstance.py", line 433, in _execute_task
    result = execute_callable(context=context, **execute_callable_kwargs)
  File "/home/airflow/.local/lib/python3.8/site-packages/airflow/operators/bash.py", line 203, in execute
    result = self.subprocess_hook.run_command(
  File "/home/airflow/.local/lib/python3.8/site-packages/airflow/hooks/subprocess.py", line 91, in run_command
    for raw_line in iter(self.sub_process.stdout.readline, b""):
  File "/home/airflow/.local/lib/python3.8/site-packages/airflow/models/taskinstance.py", line 2452, in signal_handler
    raise AirflowException("Task received SIGTERM signal")
airflow.exceptions.AirflowException: Task received SIGTERM signal
[2026-02-17T16:40:15.389+0000] {taskinstance.py:1138} INFO - Marking task as UP_FOR_RETRY. dag_id=etl_test, task_id=transform_data, execution_date=20260216T000000, start_date=20260217T163959, end_date=20260217T164015
[2026-02-17T16:40:15.424+0000] {standard_task_runner.py:107} ERROR - Failed to execute job 25 for task transform_data ((sqlite3.IntegrityError) FOREIGN KEY constraint failed
[SQL: INSERT INTO task_fail (task_id, dag_id, run_id, map_index, start_date, end_date, duration) VALUES (?, ?, ?, ?, ?, ?, ?)]
[parameters: ('transform_data', 'etl_test', '__airflow_temporary_run_2026-02-17T16:37:23.713872+00:00__', -1, '2026-02-17 16:39:59.308472', '2026-02-17 16:40:15.387749', 16)]
(Background on this error at: https://sqlalche.me/e/14/gkpj); 12404)
[2026-02-17T16:40:15.454+0000] {process_utils.py:79} INFO - Process psutil.Process(pid=12405, status='terminated', started='16:40:02') (12405) terminated with exit code None
[2026-02-17T16:40:15.456+0000] {process_utils.py:79} INFO - Process psutil.Process(pid=12404, status='terminated', exitcode=1, started='16:39:59') (12404) terminated with exit code 1
